

----------------------------------------
checking for C compiler


----------------------------------------
checking for gcc -pipe switch


----------------------------------------
checking for --with-ld-opt="-Wl,-rpath,/usr/local/LuaJIT/lib"


----------------------------------------
checking for -Wl,-E switch

/usr/lib/gcc/x86_64-pc-cygwin/9.3.0/../../../../x86_64-pc-cygwin/bin/ld: warning: --export-dynamic is not supported for PE+ targets, did you mean --export-all-symbols?

----------------------------------------
checking for gcc builtin atomic operations


----------------------------------------
checking for C99 variadic macros


----------------------------------------
checking for gcc variadic macros


----------------------------------------
checking for gcc builtin 64 bit byteswap


----------------------------------------
checking for unistd.h


----------------------------------------
checking for inttypes.h


----------------------------------------
checking for limits.h


----------------------------------------
checking for sys/filio.h

objs/autotest.c:3:10: fatal error: sys/filio.h: No such file or directory
    3 | #include <sys/filio.h>
      |          ^~~~~~~~~~~~~
compilation terminated.
----------


#include <sys/filio.h>

int main(void) {
    return 0;
}

----------
cc -o objs/autotest objs/autotest.c
----------

----------------------------------------
checking for sys/param.h


----------------------------------------
checking for sys/mount.h


----------------------------------------
checking for sys/statvfs.h


----------------------------------------
checking for crypt.h


----------------------------------------
checking for poll()


----------------------------------------
checking for /dev/poll

objs/autotest.c:4:10: fatal error: sys/devpoll.h: No such file or directory
    4 | #include <sys/devpoll.h>
      |          ^~~~~~~~~~~~~~~
compilation terminated.
----------

#include <sys/types.h>
#include <unistd.h>
#include <sys/devpoll.h>

int main(void) {
    int  n, dp; struct dvpoll  dvp;
                  dp = 0;
                  dvp.dp_fds = NULL;
                  dvp.dp_nfds = 0;
                  dvp.dp_timeout = 0;
                  n = ioctl(dp, DP_POLL, &dvp);
                  if (n == -1) return 1;
    return 0;
}

----------
cc -o objs/autotest objs/autotest.c -Wl,-rpath,/usr/local/LuaJIT/lib
----------

----------------------------------------
checking for kqueue

objs/autotest.c:4:10: fatal error: sys/event.h: No such file or directory
    4 | #include <sys/event.h>
      |          ^~~~~~~~~~~~~
compilation terminated.
----------

#include <sys/types.h>
#include <unistd.h>
#include <sys/event.h>

int main(void) {
    (void) kqueue();
    return 0;
}

----------
cc -o objs/autotest objs/autotest.c -Wl,-rpath,/usr/local/LuaJIT/lib
----------

----------------------------------------
checking for crypt()

objs/autotest.c: In function 'main':
objs/autotest.c:7:5: warning: implicit declaration of function 'crypt' [-Wimplicit-function-declaration]
    7 |     crypt("test", "salt");;
      |     ^~~~~
/usr/lib/gcc/x86_64-pc-cygwin/9.3.0/../../../../x86_64-pc-cygwin/bin/ld: /tmp/ccEY5u6V.o:autotest.c:(.text+0x1c): undefined reference to `crypt'
/tmp/ccEY5u6V.o:autotest.c:(.text+0x1c): relocation truncated to fit: R_X86_64_PC32 against undefined symbol `crypt'
collect2: error: ld returned 1 exit status
----------

#include <sys/types.h>
#include <unistd.h>


int main(void) {
    crypt("test", "salt");;
    return 0;
}

----------
cc -o objs/autotest objs/autotest.c -Wl,-rpath,/usr/local/LuaJIT/lib
----------

----------------------------------------
checking for crypt() in libcrypt

objs/autotest.c: In function 'main':
objs/autotest.c:7:5: warning: implicit declaration of function 'crypt' [-Wimplicit-function-declaration]
    7 |     crypt("test", "salt");;
      |     ^~~~~

----------------------------------------
checking for F_READAHEAD

objs/autotest.c: In function 'main':
objs/autotest.c:7:14: error: 'F_READAHEAD' undeclared (first use in this function)
    7 |     fcntl(0, F_READAHEAD, 1);;
      |              ^~~~~~~~~~~
objs/autotest.c:7:14: note: each undeclared identifier is reported only once for each function it appears in
----------

#include <sys/types.h>
#include <unistd.h>
#include <fcntl.h>

int main(void) {
    fcntl(0, F_READAHEAD, 1);;
    return 0;
}

----------
cc -o objs/autotest objs/autotest.c -Wl,-rpath,/usr/local/LuaJIT/lib
----------

----------------------------------------
checking for posix_fadvise()


----------------------------------------
checking for O_DIRECT


----------------------------------------
checking for F_NOCACHE

objs/autotest.c: In function 'main':
objs/autotest.c:7:14: error: 'F_NOCACHE' undeclared (first use in this function)
    7 |     fcntl(0, F_NOCACHE, 1);;
      |              ^~~~~~~~~
objs/autotest.c:7:14: note: each undeclared identifier is reported only once for each function it appears in
----------

#include <sys/types.h>
#include <unistd.h>
#include <fcntl.h>

int main(void) {
    fcntl(0, F_NOCACHE, 1);;
    return 0;
}

----------
cc -o objs/autotest objs/autotest.c -Wl,-rpath,/usr/local/LuaJIT/lib
----------

----------------------------------------
checking for directio()

objs/autotest.c: In function 'main':
objs/autotest.c:8:5: warning: implicit declaration of function 'directio' [-Wimplicit-function-declaration]
    8 |     directio(0, DIRECTIO_ON);;
      |     ^~~~~~~~
objs/autotest.c:8:17: error: 'DIRECTIO_ON' undeclared (first use in this function)
    8 |     directio(0, DIRECTIO_ON);;
      |                 ^~~~~~~~~~~
objs/autotest.c:8:17: note: each undeclared identifier is reported only once for each function it appears in
----------

#include <sys/types.h>
#include <unistd.h>
#include <sys/types.h>
                  #include <sys/fcntl.h>

int main(void) {
    directio(0, DIRECTIO_ON);;
    return 0;
}

----------
cc -o objs/autotest objs/autotest.c -Wl,-rpath,/usr/local/LuaJIT/lib
----------

----------------------------------------
checking for statfs()

objs/autotest.c: In function 'main':
objs/autotest.c:9:20: error: storage size of 'fs' isn't known
    9 |     struct statfs  fs;
      |                    ^~
objs/autotest.c:10:19: warning: implicit declaration of function 'statfs' [-Wimplicit-function-declaration]
   10 |                   statfs(".", &fs);;
      |                   ^~~~~~
----------

#include <sys/types.h>
#include <unistd.h>
#include <sys/param.h>
                  #include <sys/mount.h>
                  

int main(void) {
    struct statfs  fs;
                  statfs(".", &fs);;
    return 0;
}

----------
cc -o objs/autotest objs/autotest.c -Wl,-rpath,/usr/local/LuaJIT/lib
----------

----------------------------------------
checking for statvfs()


----------------------------------------
checking for dlopen()


----------------------------------------
checking for sched_yield()


----------------------------------------
checking for sched_setaffinity()

objs/autotest.c: In function 'main':
objs/autotest.c:8:19: warning: implicit declaration of function 'CPU_ZERO' [-Wimplicit-function-declaration]
    8 |                   CPU_ZERO(&mask);
      |                   ^~~~~~~~
objs/autotest.c:9:19: warning: implicit declaration of function 'sched_setaffinity' [-Wimplicit-function-declaration]
    9 |                   sched_setaffinity(0, sizeof(cpu_set_t), &mask);
      |                   ^~~~~~~~~~~~~~~~~
/usr/lib/gcc/x86_64-pc-cygwin/9.3.0/../../../../x86_64-pc-cygwin/bin/ld: /tmp/ccjo0zwt.o:autotest.c:(.text+0x18): undefined reference to `CPU_ZERO'
/tmp/ccjo0zwt.o:autotest.c:(.text+0x18): relocation truncated to fit: R_X86_64_PC32 against undefined symbol `CPU_ZERO'
collect2: error: ld returned 1 exit status
----------

#include <sys/types.h>
#include <unistd.h>
#include <sched.h>

int main(void) {
    cpu_set_t mask;
                  CPU_ZERO(&mask);
                  sched_setaffinity(0, sizeof(cpu_set_t), &mask);
    return 0;
}

----------
cc -o objs/autotest objs/autotest.c -Wl,-rpath,/usr/local/LuaJIT/lib
----------

----------------------------------------
checking for SO_SETFIB

objs/autotest.c: In function 'main':
objs/autotest.c:7:31: error: 'SO_SETFIB' undeclared (first use in this function)
    7 |     setsockopt(0, SOL_SOCKET, SO_SETFIB, NULL, 0);
      |                               ^~~~~~~~~
objs/autotest.c:7:31: note: each undeclared identifier is reported only once for each function it appears in
----------

#include <sys/types.h>
#include <unistd.h>
#include <sys/socket.h>

int main(void) {
    setsockopt(0, SOL_SOCKET, SO_SETFIB, NULL, 0);
    return 0;
}

----------
cc -o objs/autotest objs/autotest.c -Wl,-rpath,/usr/local/LuaJIT/lib
----------

----------------------------------------
checking for SO_REUSEPORT

objs/autotest.c: In function 'main':
objs/autotest.c:7:31: error: 'SO_REUSEPORT' undeclared (first use in this function); did you mean 'SO_REUSEADDR'?
    7 |     setsockopt(0, SOL_SOCKET, SO_REUSEPORT, NULL, 0);
      |                               ^~~~~~~~~~~~
      |                               SO_REUSEADDR
objs/autotest.c:7:31: note: each undeclared identifier is reported only once for each function it appears in
----------

#include <sys/types.h>
#include <unistd.h>
#include <sys/socket.h>

int main(void) {
    setsockopt(0, SOL_SOCKET, SO_REUSEPORT, NULL, 0);
    return 0;
}

----------
cc -o objs/autotest objs/autotest.c -Wl,-rpath,/usr/local/LuaJIT/lib
----------

----------------------------------------
checking for SO_ACCEPTFILTER

objs/autotest.c: In function 'main':
objs/autotest.c:7:31: error: 'SO_ACCEPTFILTER' undeclared (first use in this function)
    7 |     setsockopt(0, SOL_SOCKET, SO_ACCEPTFILTER, NULL, 0);
      |                               ^~~~~~~~~~~~~~~
objs/autotest.c:7:31: note: each undeclared identifier is reported only once for each function it appears in
----------

#include <sys/types.h>
#include <unistd.h>
#include <sys/socket.h>

int main(void) {
    setsockopt(0, SOL_SOCKET, SO_ACCEPTFILTER, NULL, 0);
    return 0;
}

----------
cc -o objs/autotest objs/autotest.c -Wl,-rpath,/usr/local/LuaJIT/lib
----------

----------------------------------------
checking for SO_BINDANY

objs/autotest.c: In function 'main':
objs/autotest.c:7:31: error: 'SO_BINDANY' undeclared (first use in this function)
    7 |     setsockopt(0, SOL_SOCKET, SO_BINDANY, NULL, 0);
      |                               ^~~~~~~~~~
objs/autotest.c:7:31: note: each undeclared identifier is reported only once for each function it appears in
----------

#include <sys/types.h>
#include <unistd.h>
#include <sys/socket.h>

int main(void) {
    setsockopt(0, SOL_SOCKET, SO_BINDANY, NULL, 0);
    return 0;
}

----------
cc -o objs/autotest objs/autotest.c -Wl,-rpath,/usr/local/LuaJIT/lib
----------

----------------------------------------
checking for IP_TRANSPARENT

objs/autotest.c: In function 'main':
objs/autotest.c:8:31: error: 'IP_TRANSPARENT' undeclared (first use in this function)
    8 |     setsockopt(0, IPPROTO_IP, IP_TRANSPARENT, NULL, 0);
      |                               ^~~~~~~~~~~~~~
objs/autotest.c:8:31: note: each undeclared identifier is reported only once for each function it appears in
----------

#include <sys/types.h>
#include <unistd.h>
#include <sys/socket.h>
                  #include <netinet/in.h>

int main(void) {
    setsockopt(0, IPPROTO_IP, IP_TRANSPARENT, NULL, 0);
    return 0;
}

----------
cc -o objs/autotest objs/autotest.c -Wl,-rpath,/usr/local/LuaJIT/lib
----------

----------------------------------------
checking for IP_BINDANY

objs/autotest.c: In function 'main':
objs/autotest.c:8:31: error: 'IP_BINDANY' undeclared (first use in this function)
    8 |     setsockopt(0, IPPROTO_IP, IP_BINDANY, NULL, 0);
      |                               ^~~~~~~~~~
objs/autotest.c:8:31: note: each undeclared identifier is reported only once for each function it appears in
----------

#include <sys/types.h>
#include <unistd.h>
#include <sys/socket.h>
                  #include <netinet/in.h>

int main(void) {
    setsockopt(0, IPPROTO_IP, IP_BINDANY, NULL, 0);
    return 0;
}

----------
cc -o objs/autotest objs/autotest.c -Wl,-rpath,/usr/local/LuaJIT/lib
----------

----------------------------------------
checking for IP_BIND_ADDRESS_NO_PORT

objs/autotest.c: In function 'main':
objs/autotest.c:8:31: error: 'IP_BIND_ADDRESS_NO_PORT' undeclared (first use in this function)
    8 |     setsockopt(0, IPPROTO_IP, IP_BIND_ADDRESS_NO_PORT, NULL, 0);
      |                               ^~~~~~~~~~~~~~~~~~~~~~~
objs/autotest.c:8:31: note: each undeclared identifier is reported only once for each function it appears in
----------

#include <sys/types.h>
#include <unistd.h>
#include <sys/socket.h>
                  #include <netinet/in.h>

int main(void) {
    setsockopt(0, IPPROTO_IP, IP_BIND_ADDRESS_NO_PORT, NULL, 0);
    return 0;
}

----------
cc -o objs/autotest objs/autotest.c -Wl,-rpath,/usr/local/LuaJIT/lib
----------

----------------------------------------
checking for IP_RECVDSTADDR

objs/autotest.c: In function 'main':
objs/autotest.c:8:31: error: 'IP_RECVDSTADDR' undeclared (first use in this function)
    8 |     setsockopt(0, IPPROTO_IP, IP_RECVDSTADDR, NULL, 0);
      |                               ^~~~~~~~~~~~~~
objs/autotest.c:8:31: note: each undeclared identifier is reported only once for each function it appears in
----------

#include <sys/types.h>
#include <unistd.h>
#include <sys/socket.h>
                  #include <netinet/in.h>

int main(void) {
    setsockopt(0, IPPROTO_IP, IP_RECVDSTADDR, NULL, 0);
    return 0;
}

----------
cc -o objs/autotest objs/autotest.c -Wl,-rpath,/usr/local/LuaJIT/lib
----------

----------------------------------------
checking for IP_SENDSRCADDR

objs/autotest.c: In function 'main':
objs/autotest.c:8:31: error: 'IP_SENDSRCADDR' undeclared (first use in this function)
    8 |     setsockopt(0, IPPROTO_IP, IP_SENDSRCADDR, NULL, 0);
      |                               ^~~~~~~~~~~~~~
objs/autotest.c:8:31: note: each undeclared identifier is reported only once for each function it appears in
----------

#include <sys/types.h>
#include <unistd.h>
#include <sys/socket.h>
                  #include <netinet/in.h>

int main(void) {
    setsockopt(0, IPPROTO_IP, IP_SENDSRCADDR, NULL, 0);
    return 0;
}

----------
cc -o objs/autotest objs/autotest.c -Wl,-rpath,/usr/local/LuaJIT/lib
----------

----------------------------------------
checking for IP_PKTINFO

objs/autotest.c: In function 'main':
objs/autotest.c:9:22: error: 'struct in_pktinfo' has no member named 'ipi_spec_dst'
    9 |                   pkt.ipi_spec_dst.s_addr = INADDR_ANY;
      |                      ^
----------

#include <sys/types.h>
#include <unistd.h>
#include <sys/socket.h>
                  #include <netinet/in.h>

int main(void) {
    struct in_pktinfo  pkt;
                  pkt.ipi_spec_dst.s_addr = INADDR_ANY;
                  (void) pkt;
                  setsockopt(0, IPPROTO_IP, IP_PKTINFO, NULL, 0);
    return 0;
}

----------
cc -o objs/autotest objs/autotest.c -Wl,-rpath,/usr/local/LuaJIT/lib
----------

----------------------------------------
checking for IPV6_RECVPKTINFO

objs/autotest.c: In function 'main':
objs/autotest.c:8:33: error: 'IPV6_RECVPKTINFO' undeclared (first use in this function); did you mean 'IPV6_PKTINFO'?
    8 |     setsockopt(0, IPPROTO_IPV6, IPV6_RECVPKTINFO, NULL, 0);
      |                                 ^~~~~~~~~~~~~~~~
      |                                 IPV6_PKTINFO
objs/autotest.c:8:33: note: each undeclared identifier is reported only once for each function it appears in
----------

#include <sys/types.h>
#include <unistd.h>
#include <sys/socket.h>
                  #include <netinet/in.h>

int main(void) {
    setsockopt(0, IPPROTO_IPV6, IPV6_RECVPKTINFO, NULL, 0);
    return 0;
}

----------
cc -o objs/autotest objs/autotest.c -Wl,-rpath,/usr/local/LuaJIT/lib
----------

----------------------------------------
checking for TCP_DEFER_ACCEPT

objs/autotest.c: In function 'main':
objs/autotest.c:9:32: error: 'TCP_DEFER_ACCEPT' undeclared (first use in this function)
    9 |     setsockopt(0, IPPROTO_TCP, TCP_DEFER_ACCEPT, NULL, 0);
      |                                ^~~~~~~~~~~~~~~~
objs/autotest.c:9:32: note: each undeclared identifier is reported only once for each function it appears in
----------

#include <sys/types.h>
#include <unistd.h>
#include <sys/socket.h>
                  #include <netinet/in.h>
                  #include <netinet/tcp.h>

int main(void) {
    setsockopt(0, IPPROTO_TCP, TCP_DEFER_ACCEPT, NULL, 0);
    return 0;
}

----------
cc -o objs/autotest objs/autotest.c -Wl,-rpath,/usr/local/LuaJIT/lib
----------

----------------------------------------
checking for TCP_KEEPIDLE


----------------------------------------
checking for TCP_FASTOPEN


----------------------------------------
checking for TCP_INFO

objs/autotest.c: In function 'main':
objs/autotest.c:9:31: error: invalid application of 'sizeof' to incomplete type 'struct tcp_info'
    9 |     socklen_t optlen = sizeof(struct tcp_info);
      |                               ^~~~~~
objs/autotest.c:10:35: error: storage size of 'ti' isn't known
   10 |                   struct tcp_info ti;
      |                                   ^~
objs/autotest.c:15:46: error: 'TCP_INFO' undeclared (first use in this function)
   15 |                   getsockopt(0, IPPROTO_TCP, TCP_INFO, &ti, &optlen);
      |                                              ^~~~~~~~
objs/autotest.c:15:46: note: each undeclared identifier is reported only once for each function it appears in
----------

#include <sys/types.h>
#include <unistd.h>
#include <sys/socket.h>
                  #include <netinet/in.h>
                  #include <netinet/tcp.h>

int main(void) {
    socklen_t optlen = sizeof(struct tcp_info);
                  struct tcp_info ti;
                  ti.tcpi_rtt = 0;
                  ti.tcpi_rttvar = 0;
                  ti.tcpi_snd_cwnd = 0;
                  ti.tcpi_rcv_space = 0;
                  getsockopt(0, IPPROTO_TCP, TCP_INFO, &ti, &optlen);
    return 0;
}

----------
cc -o objs/autotest objs/autotest.c -Wl,-rpath,/usr/local/LuaJIT/lib
----------

----------------------------------------
checking for accept4()


----------------------------------------
checking for int size


----------------------------------------
checking for long size


----------------------------------------
checking for long long size


----------------------------------------
checking for void * size


----------------------------------------
checking for uint32_t


----------------------------------------
checking for uint64_t


----------------------------------------
checking for sig_atomic_t


----------------------------------------
checking for sig_atomic_t size


----------------------------------------
checking for socklen_t


----------------------------------------
checking for in_addr_t


----------------------------------------
checking for in_port_t


----------------------------------------
checking for rlim_t


----------------------------------------
checking for uintptr_t


----------------------------------------
checking for system byte ordering


----------------------------------------
checking for size_t size


----------------------------------------
checking for off_t size


----------------------------------------
checking for time_t size


----------------------------------------
checking for AF_INET6


----------------------------------------
checking for setproctitle()

objs/autotest.c: In function 'main':
objs/autotest.c:7:5: warning: implicit declaration of function 'setproctitle' [-Wimplicit-function-declaration]
    7 |     setproctitle("test");;
      |     ^~~~~~~~~~~~
/usr/lib/gcc/x86_64-pc-cygwin/9.3.0/../../../../x86_64-pc-cygwin/bin/ld: /tmp/ccGI3QKX.o:autotest.c:(.text+0x15): undefined reference to `setproctitle'
/tmp/ccGI3QKX.o:autotest.c:(.text+0x15): relocation truncated to fit: R_X86_64_PC32 against undefined symbol `setproctitle'
collect2: error: ld returned 1 exit status
----------

#include <sys/types.h>
#include <unistd.h>
#include <stdlib.h>

int main(void) {
    setproctitle("test");;
    return 0;
}

----------
cc -o objs/autotest objs/autotest.c -Wl,-rpath,/usr/local/LuaJIT/lib
----------

----------------------------------------
checking for pread()


----------------------------------------
checking for pwrite()


----------------------------------------
checking for pwritev()

objs/autotest.c: In function 'main':
objs/autotest.c:10:23: warning: implicit declaration of function 'pwritev'; did you mean 'writev'? [-Wimplicit-function-declaration]
   10 |                   n = pwritev(1, vec, 1, 0);
      |                       ^~~~~~~
      |                       writev
/usr/lib/gcc/x86_64-pc-cygwin/9.3.0/../../../../x86_64-pc-cygwin/bin/ld: /tmp/cc62dY8P.o:autotest.c:(.text+0x36): undefined reference to `pwritev'
/tmp/cc62dY8P.o:autotest.c:(.text+0x36): relocation truncated to fit: R_X86_64_PC32 against undefined symbol `pwritev'
collect2: error: ld returned 1 exit status
----------

#include <sys/types.h>
#include <unistd.h>
#include <sys/uio.h>

int main(void) {
    char buf[1]; struct iovec vec[1]; ssize_t n;
                  vec[0].iov_base = buf;
                  vec[0].iov_len = 1;
                  n = pwritev(1, vec, 1, 0);
                  if (n == -1) return 1;
    return 0;
}

----------
cc -o objs/autotest objs/autotest.c -Wl,-rpath,/usr/local/LuaJIT/lib
----------

----------------------------------------
checking for strerrordesc_np()

objs/autotest.c: In function 'main':
objs/autotest.c:7:18: warning: implicit declaration of function 'strerrordesc_np' [-Wimplicit-function-declaration]
    7 |     char *p; p = strerrordesc_np(0);
      |                  ^~~~~~~~~~~~~~~
objs/autotest.c:7:16: warning: assignment to 'char *' from 'int' makes pointer from integer without a cast [-Wint-conversion]
    7 |     char *p; p = strerrordesc_np(0);
      |                ^
/usr/lib/gcc/x86_64-pc-cygwin/9.3.0/../../../../x86_64-pc-cygwin/bin/ld: /tmp/ccOFjYAd.o:autotest.c:(.text+0x13): undefined reference to `strerrordesc_np'
/tmp/ccOFjYAd.o:autotest.c:(.text+0x13): relocation truncated to fit: R_X86_64_PC32 against undefined symbol `strerrordesc_np'
collect2: error: ld returned 1 exit status
----------

#include <sys/types.h>
#include <unistd.h>
#include <string.h>

int main(void) {
    char *p; p = strerrordesc_np(0);
                  if (p == NULL) return 1;
    return 0;
}

----------
cc -o objs/autotest objs/autotest.c -Wl,-rpath,/usr/local/LuaJIT/lib
----------

----------------------------------------
checking for sys_nerr

144
----------------------------------------
checking for localtime_r()


----------------------------------------
checking for clock_gettime(CLOCK_MONOTONIC)


----------------------------------------
checking for posix_memalign()


----------------------------------------
checking for memalign()


----------------------------------------
checking for mmap(MAP_ANON|MAP_SHARED)


----------------------------------------
checking for mmap("/dev/zero", MAP_SHARED)


----------------------------------------
checking for System V shared memory

objs/autotest.c: In function 'main':
objs/autotest.c:9:51: error: 'SHM_R' undeclared (first use in this function); did you mean 'SHM_RND'?
    9 |                   id = shmget(IPC_PRIVATE, 4096, (SHM_R|SHM_W|IPC_CREAT));
      |                                                   ^~~~~
      |                                                   SHM_RND
objs/autotest.c:9:51: note: each undeclared identifier is reported only once for each function it appears in
objs/autotest.c:9:57: error: 'SHM_W' undeclared (first use in this function); did you mean 'SHM_RND'?
    9 |                   id = shmget(IPC_PRIVATE, 4096, (SHM_R|SHM_W|IPC_CREAT));
      |                                                         ^~~~~
      |                                                         SHM_RND
----------

#include <sys/types.h>
#include <unistd.h>
#include <sys/ipc.h>
                  #include <sys/shm.h>

int main(void) {
    int  id;
                  id = shmget(IPC_PRIVATE, 4096, (SHM_R|SHM_W|IPC_CREAT));
                  if (id == -1) return 1;
                  shmctl(id, IPC_RMID, NULL);;
    return 0;
}

----------
cc -o objs/autotest objs/autotest.c -Wl,-rpath,/usr/local/LuaJIT/lib
----------

----------------------------------------
checking for POSIX semaphores


----------------------------------------
checking for struct msghdr.msg_control


----------------------------------------
checking for ioctl(FIONBIO)


----------------------------------------
checking for ioctl(FIONREAD)

objs/autotest.c: In function 'main':
objs/autotest.c:9:13: error: 'FIONREAD' undeclared (first use in this function)
    9 |     int i = FIONREAD; printf("%d", i);
      |             ^~~~~~~~
objs/autotest.c:9:13: note: each undeclared identifier is reported only once for each function it appears in
----------

#include <sys/types.h>
#include <unistd.h>
#include <sys/ioctl.h>
                  #include <stdio.h>
                  

int main(void) {
    int i = FIONREAD; printf("%d", i);
    return 0;
}

----------
cc -o objs/autotest objs/autotest.c -Wl,-rpath,/usr/local/LuaJIT/lib
----------

----------------------------------------
checking for struct tm.tm_gmtoff


----------------------------------------
checking for struct dirent.d_namlen

objs/autotest.c: In function 'main':
objs/autotest.c:8:29: error: 'struct dirent' has no member named 'd_namlen'; did you mean 'd_name'?
    8 |     struct dirent  dir; dir.d_namlen = 0;
      |                             ^~~~~~~~
      |                             d_name
objs/autotest.c:9:42: error: 'struct dirent' has no member named 'd_namlen'; did you mean 'd_name'?
    9 |                   printf("%d", (int) dir.d_namlen);
      |                                          ^~~~~~~~
      |                                          d_name
----------

#include <sys/types.h>
#include <unistd.h>
#include <dirent.h>
                  #include <stdio.h>

int main(void) {
    struct dirent  dir; dir.d_namlen = 0;
                  printf("%d", (int) dir.d_namlen);
    return 0;
}

----------
cc -o objs/autotest objs/autotest.c -Wl,-rpath,/usr/local/LuaJIT/lib
----------

----------------------------------------
checking for struct dirent.d_type


----------------------------------------
checking for sysconf(_SC_NPROCESSORS_ONLN)


----------------------------------------
checking for sysconf(_SC_LEVEL1_DCACHE_LINESIZE)


----------------------------------------
checking for openat(), fstatat()


----------------------------------------
checking for getaddrinfo()


----------------------------------------
checking for LuaJIT library in /usr/local/LuaJIT/lib and /usr/local/LuaJIT/include/luajit-2.1 (specified by the LUAJIT_LIB and LUAJIT_INC env, with -ldl)


----------------------------------------
checking for LuaJIT 2.x


----------------------------------------
checking for Lua language 5.1


----------------------------------------
checking for LuaJIT has FFI


----------------------------------------
checking for export symbols by default (-E)

/usr/lib/gcc/x86_64-pc-cygwin/9.3.0/../../../../x86_64-pc-cygwin/bin/ld: warning: --export-dynamic is not supported for PE+ targets, did you mean --export-all-symbols?

----------------------------------------
checking for export symbols by default (--export-all-symbols)


----------------------------------------
checking for SO_PASSCRED


----------------------------------------
checking for SA_RESTART


----------------------------------------
checking for malloc_trim

0
----------------------------------------
checking for pipe2

objs/autotest.c: In function 'main':
objs/autotest.c:7:16: error: implicit declaration of function 'pipe2'; did you mean 'pipe'? [-Werror=implicit-function-declaration]
    7 |     int fd[2]; pipe2(fd, O_CLOEXEC|O_NONBLOCK);;
      |                ^~~~~
      |                pipe
cc1: all warnings being treated as errors
----------

#include <sys/types.h>
#include <unistd.h>
#include <fcntl.h>

int main(void) {
    int fd[2]; pipe2(fd, O_CLOEXEC|O_NONBLOCK);;
    return 0;
}

----------
cc -Werror -Wall -o objs/autotest objs/autotest.c -Wl,-rpath,/usr/local/LuaJIT/lib
----------

----------------------------------------
checking for signalfd


----------------------------------------
checking for execvpe

objs/autotest.c: In function 'main':
objs/autotest.c:7:32: error: implicit declaration of function 'execvpe'; did you mean 'execvp'? [-Werror=implicit-function-declaration]
    7 |     char* argv[] = {"/bin/sh"};execvpe("/bin/sh", argv, NULL);;
      |                                ^~~~~~~
      |                                execvp
cc1: all warnings being treated as errors
----------

#include <sys/types.h>
#include <unistd.h>


int main(void) {
    char* argv[] = {"/bin/sh"};execvpe("/bin/sh", argv, NULL);;
    return 0;
}

----------
cc -Werror -Wall -o objs/autotest objs/autotest.c -Wl,-rpath,/usr/local/LuaJIT/lib
----------

----------------------------------------
checking for PCRE2 library

objs/autotest.c:5:36: fatal error: pcre2.h: No such file or directory
    5 |                           #include <pcre2.h>
      |                                    ^~~~~~~~~
compilation terminated.
----------

#include <sys/types.h>
#include <unistd.h>
#define PCRE2_CODE_UNIT_WIDTH 8
                          #include <pcre2.h>

int main(void) {
    pcre2_code *re;
                          re = pcre2_compile(NULL, 0, 0, NULL, NULL, NULL);
                          if (re == NULL) return 1;
    return 0;
}

----------
cc -o objs/autotest objs/autotest.c -Wl,-rpath,/usr/local/LuaJIT/lib -lpcre2-8
----------

----------------------------------------
checking for PCRE library


----------------------------------------
checking for PCRE JIT support


----------------------------------------
checking for zlib library

